-------------------------------------------------------------------------------
Test set: model.SetTest
-------------------------------------------------------------------------------
Tests run: 3, Failures: 1, Errors: 0, Skipped: 0, Time elapsed: 0.01 s <<< FAILURE! - in model.SetTest
model.SetTest.testGetVencedor_ReturnEquipe1_WhenEquipe1Pontua25Equipe2Pontua20()  Time elapsed: 0.001 s  <<< FAILURE!
java.lang.NullPointerException
	at model.SetTest.testGetVencedor_ReturnEquipe1_WhenEquipe1Pontua25Equipe2Pontua20(SetTest.java:27)

