<?xml version="1.0" encoding="UTF-8"?>
<testsuite xmlns:xsi="http://www.w3.org/2001/XMLSchema-instance" xsi:noNamespaceSchemaLocation="https://maven.apache.org/surefire/maven-surefire-plugin/xsd/surefire-test-report.xsd" name="model.SetTest" time="0.01" tests="3" errors="0" skipped="0" failures="1">
  <properties>
[...]
</properties>
  <testcase name="model.SetTest.testGetVencedor_ReturnEquipe1_WhenEquipe1Pontua25Equipe2Pontua20" classname="model.SetTest" time="0.001">
    <failure type="java.lang.NullPointerException">java.lang.NullPointerException
	at model.SetTest.testGetVencedor_ReturnEquipe1_WhenEquipe1Pontua25Equipe2Pontua20(SetTest.java:27)
</failure>
  </testcase>
  <testcase name="model.SetTest.testGetVencedor_ReturnNull_WhenEquipe1Pontua25Equipe2Pontua24" classname="model.SetTest" time="0.003"/>
  <testcase name="model.SetTest.testGetVencedor_ReturnEquipe2_WhenEquipe1Pontua25Equipe2Pontua27" classname="model.SetTest" time="0.002"/>
</testsuite>